<?xml version="1.0" encoding="UTF-8"?>
<testng-results skipped="0" failed="0" ignored="0" total="1" passed="1">
  <reporter-output>
  </reporter-output>
  <suite name="Default suite" duration-ms="64" started-at="2019-11-11T10:42:08Z" finished-at="2019-11-11T10:42:08Z">
    <groups>
    </groups>
    <test name="Default test" duration-ms="64" started-at="2019-11-11T10:42:08Z" finished-at="2019-11-11T10:42:08Z">
      <class name="org.seleniumtesters.Final">
        <test-method status="PASS" signature="display()[pri:0, instance:org.seleniumtesters.Final@4cc0edeb]" name="display" duration-ms="15" started-at="2019-11-11T10:42:08Z" finished-at="2019-11-11T10:42:08Z">
          <reporter-output>
          </reporter-output>
        </test-method> <!-- display -->
      </class> <!-- org.seleniumtesters.Final -->
    </test> <!-- Default test -->
  </suite> <!-- Default suite -->
</testng-results>
